<?xml version="1.0" encoding="UTF-8"?>
<testng-results skipped="0" failed="0" ignored="0" total="1" passed="1">
  <reporter-output>
  </reporter-output>
  <suite name="Default suite" duration-ms="16402" started-at="2020-02-20T06:02:16Z" finished-at="2020-02-20T06:02:32Z">
    <groups>
    </groups>
    <test name="Default test" duration-ms="16402" started-at="2020-02-20T06:02:16Z" finished-at="2020-02-20T06:02:32Z">
      <class name="gradeee1.chrome">
        <test-method status="PASS" signature="log()[pri:0, instance:gradeee1.chrome@18be83e4]" name="log" duration-ms="16325" started-at="2020-02-20T06:02:16Z" finished-at="2020-02-20T06:02:32Z">
          <reporter-output>
          </reporter-output>
        </test-method> <!-- log -->
      </class> <!-- gradeee1.chrome -->
    </test> <!-- Default test -->
  </suite> <!-- Default suite -->
</testng-results>
